  main.cpp
w:\graphics and computational programming\multithreaded_ray_tracer\multithreaded_ray_tracer\main.cpp(147): warning C4018: '<': signed/unsigned mismatch
w:\graphics and computational programming\multithreaded_ray_tracer\multithreaded_ray_tracer\main.cpp(185): warning C4018: '<': signed/unsigned mismatch
w:\graphics and computational programming\multithreaded_ray_tracer\multithreaded_ray_tracer\main.cpp(277): warning C4018: '<': signed/unsigned mismatch
w:\graphics and computational programming\multithreaded_ray_tracer\multithreaded_ray_tracer\main.cpp(313): warning C4018: '<': signed/unsigned mismatch
w:\graphics and computational programming\multithreaded_ray_tracer\multithreaded_ray_tracer\main.cpp(405): warning C4018: '<': signed/unsigned mismatch
c:\program files (x86)\microsoft visual studio\2017\enterprise\vc\tools\msvc\14.15.26726\include\memory(1801): warning C4244: 'argument': conversion from '_Ty' to 'float', possible loss of data
          with
          [
              _Ty=int
          ]
  c:\program files (x86)\microsoft visual studio\2017\enterprise\vc\tools\msvc\14.15.26726\include\memory(1865): note: see reference to function template instantiation 'std::_Ref_count_obj<_Ty>::_Ref_count_obj<glm::tvec3<float,0>,int,glm::tvec3<float,0>>(glm::tvec3<float,0> &&,int &&,glm::tvec3<float,0> &&)' being compiled
          with
          [
              _Ty=Sphere
          ]
  c:\program files (x86)\microsoft visual studio\2017\enterprise\vc\tools\msvc\14.15.26726\include\memory(1866): note: see reference to function template instantiation 'std::_Ref_count_obj<_Ty>::_Ref_count_obj<glm::tvec3<float,0>,int,glm::tvec3<float,0>>(glm::tvec3<float,0> &&,int &&,glm::tvec3<float,0> &&)' being compiled
          with
          [
              _Ty=Sphere
          ]
  w:\graphics and computational programming\multithreaded_ray_tracer\multithreaded_ray_tracer\main.cpp(113): note: see reference to function template instantiation 'std::shared_ptr<Sphere> std::make_shared<Sphere,glm::vec3,int,glm::vec3>(glm::vec3 &&,int &&,glm::vec3 &&)' being compiled
  Generating code
  1 of 550 functions ( 0.2%) were compiled, the rest were copied from previous compilation.
    0 functions were new in current compilation
    0 functions had inline decision re-evaluated but remain unchanged
  Finished generating code
  Multithreaded_Ray_Tracer.vcxproj -> W:\Graphics and Computational Programming\Multithreaded_Ray_Tracer\Release\Multithreaded_Ray_Tracer.exe
